<?xml version="1.0" encoding="UTF-8"?>
<!-- Generated by org.testng.reporters.JUnitReportReporter -->
<testsuite skipped="0" hostname="Lenovo-PC" name="com.crm.qa.testcases.LoginPageTest" tests="3" failures="0" timestamp="10 Apr 2020 23:12:44 GMT" time="60.941" errors="0">
  <testcase name="loginPageTitileTest" time="15.392" classname="com.crm.qa.testcases.LoginPageTest"/>
  <testcase name="crmlogoImageTest" time="18.727" classname="com.crm.qa.testcases.LoginPageTest"/>
  <testcase name="loginTest" time="26.822" classname="com.crm.qa.testcases.LoginPageTest"/>
</testsuite> <!-- com.crm.qa.testcases.LoginPageTest -->
