<?xml version="1.0" encoding="UTF-8"?>
<!-- Generated by org.testng.reporters.JUnitReportReporter -->
<testsuite skipped="0" hostname="Lenovo-PC" name="com.crm.qa.testcases.LoginPageTest" tests="3" failures="0" timestamp="11 Apr 2020 08:21:43 GMT" time="82.629" errors="0">
  <testcase name="loginPageTitileTest" time="18.015" classname="com.crm.qa.testcases.LoginPageTest"/>
  <testcase name="crmlogoImageTest" time="25.608" classname="com.crm.qa.testcases.LoginPageTest"/>
  <testcase name="loginTest" time="39.006" classname="com.crm.qa.testcases.LoginPageTest"/>
</testsuite> <!-- com.crm.qa.testcases.LoginPageTest -->
